<?xml version="1.0" encoding="utf-8"?>
<coverage line-rate="1" branch-rate="1" version="1.9" timestamp="1634492165" lines-covered="26" lines-valid="26" branches-covered="8" branches-valid="8">
  <sources>
    <source>C:\</source>
  </sources>
  <packages>
    <package name="StarRating.Service" line-rate="1" branch-rate="1" complexity="8">
      <classes>
        <class name="StarRating.Service.Implementation.StarRatingService" filename="Users\olatu\Projects\demo\AWSM\star-rating\StarRating\StarRating.Service\Implementation\StarRatingService.cs" line-rate="1" branch-rate="1" complexity="8">
          <methods>
            <method name="StarRating" signature="(System.String)" line-rate="1" branch-rate="1" complexity="8">
              <lines>
                <line number="9" hits="13" branch="False" />
                <line number="10" hits="13" branch="False" />
                <line number="12" hits="13" branch="False" />
                <line number="14" hits="156" branch="True" condition-coverage="100% (2/2)">
                  <conditions>
                    <condition number="179" type="jump" coverage="100%" />
                  </conditions>
                </line>
                <line number="15" hits="65" branch="False" />
                <line number="16" hits="65" branch="True" condition-coverage="100% (2/2)">
                  <conditions>
                    <condition number="39" type="jump" coverage="100%" />
                  </conditions>
                </line>
                <line number="17" hits="31" branch="False" />
                <line number="18" hits="31" branch="False" />
                <line number="19" hits="31" branch="False" />
                <line number="20" hits="34" branch="True" condition-coverage="100% (2/2)">
                  <conditions>
                    <condition number="73" type="jump" coverage="100%" />
                  </conditions>
                </line>
                <line number="21" hits="11" branch="False" />
                <line number="22" hits="11" branch="True" condition-coverage="100% (2/2)">
                  <conditions>
                    <condition number="105" type="jump" coverage="100%" />
                  </conditions>
                </line>
                <line number="23" hits="7" branch="False" />
                <line number="24" hits="7" branch="False" />
                <line number="25" hits="7" branch="False" />
                <line number="27" hits="4" branch="False" />
                <line number="28" hits="4" branch="False" />
                <line number="29" hits="4" branch="False" />
                <line number="30" hits="11" branch="False" />
                <line number="32" hits="23" branch="False" />
                <line number="33" hits="23" branch="False" />
                <line number="34" hits="23" branch="False" />
                <line number="36" hits="65" branch="False" />
                <line number="37" hits="65" branch="False" />
                <line number="39" hits="13" branch="False" />
                <line number="40" hits="13" branch="False" />
              </lines>
            </method>
          </methods>
          <lines>
            <line number="9" hits="13" branch="False" />
            <line number="10" hits="13" branch="False" />
            <line number="12" hits="13" branch="False" />
            <line number="14" hits="156" branch="True" condition-coverage="100% (2/2)">
              <conditions>
                <condition number="179" type="jump" coverage="100%" />
              </conditions>
            </line>
            <line number="15" hits="65" branch="False" />
            <line number="16" hits="65" branch="True" condition-coverage="100% (2/2)">
              <conditions>
                <condition number="39" type="jump" coverage="100%" />
              </conditions>
            </line>
            <line number="17" hits="31" branch="False" />
            <line number="18" hits="31" branch="False" />
            <line number="19" hits="31" branch="False" />
            <line number="20" hits="34" branch="True" condition-coverage="100% (2/2)">
              <conditions>
                <condition number="73" type="jump" coverage="100%" />
              </conditions>
            </line>
            <line number="21" hits="11" branch="False" />
            <line number="22" hits="11" branch="True" condition-coverage="100% (2/2)">
              <conditions>
                <condition number="105" type="jump" coverage="100%" />
              </conditions>
            </line>
            <line number="23" hits="7" branch="False" />
            <line number="24" hits="7" branch="False" />
            <line number="25" hits="7" branch="False" />
            <line number="27" hits="4" branch="False" />
            <line number="28" hits="4" branch="False" />
            <line number="29" hits="4" branch="False" />
            <line number="30" hits="11" branch="False" />
            <line number="32" hits="23" branch="False" />
            <line number="33" hits="23" branch="False" />
            <line number="34" hits="23" branch="False" />
            <line number="36" hits="65" branch="False" />
            <line number="37" hits="65" branch="False" />
            <line number="39" hits="13" branch="False" />
            <line number="40" hits="13" branch="False" />
          </lines>
        </class>
      </classes>
    </package>
  </packages>
</coverage>